<?xml version="1.0" encoding="UTF-8"?>
<testsuite name="com.shyammalani.demo.restapi.IntegrationTests" time="16.649" tests="31" errors="0" skipped="23" failures="0">
  <properties>
[...]
</properties>
  <testcase name="Given I am a AGENT" classname="Scenario: Customer cannot create user" time="0">
    <skipped/>
    <system-out><![CDATA[22:32:16.243 [main] DEBUG o.s.test.context.BootstrapUtils - Instantiating TestContextBootstrapper from class [org.springframework.boot.test.WebAppIntegrationTestContextBootstrapper]
22:32:16.373 [main] DEBUG o.s.b.t.WebAppIntegrationTestContextBootstrapper - Found explicit ContextLoader class [org.springframework.boot.test.SpringApplicationContextLoader] for context configuration attributes [ContextConfigurationAttributes@2034b64c declaringClass = 'com.shyammalani.demo.restapi.SecuritySteps', classes = '{class com.shyammalani.demo.restapi.Application}', locations = '{}', inheritLocations = true, initializers = '{}', inheritInitializers = true, name = [null], contextLoaderClass = 'org.springframework.boot.test.SpringApplicationContextLoader']
22:32:16.403 [main] DEBUG o.s.t.c.support.ActiveProfilesUtils - Could not find an 'annotation declaring class' for annotation type [org.springframework.test.context.ActiveProfiles] and class [com.shyammalani.demo.restapi.SecuritySteps]
22:32:16.413 [main] DEBUG o.s.test.util.ReflectionTestUtils - Setting field [propertySourceProperties] of type [null] on target [[WebMergedContextConfiguration@3ba987b8 testClass = SecuritySteps, locations = '{}', classes = '{class com.shyammalani.demo.restapi.Application}', contextInitializerClasses = '[]', activeProfiles = '{}', propertySourceLocations = '{}', propertySourceProperties = '{}', resourceBasePath = '', contextLoader = 'org.springframework.boot.test.SpringApplicationContextLoader', parent = [null]]] to value [[Ljava.lang.String;@3f191845]
22:32:16.423 [main] DEBUG o.s.b.t.WebAppIntegrationTestContextBootstrapper - @TestExecutionListeners is not present for class [com.shyammalani.demo.restapi.SecuritySteps]: using defaults.
22:32:16.483 [main] INFO  o.s.b.t.WebAppIntegrationTestContextBootstrapper - Loaded default TestExecutionListener class names from location [META-INF/spring.factories]: [org.springframework.test.context.web.ServletTestExecutionListener, org.springframework.test.context.support.DependencyInjectionTestExecutionListener, org.springframework.test.context.support.DirtiesContextTestExecutionListener, org.springframework.test.context.transaction.TransactionalTestExecutionListener, org.springframework.test.context.jdbc.SqlScriptsTestExecutionListener]
22:32:16.623 [main] INFO  o.s.b.t.WebAppIntegrationTestContextBootstrapper - Using TestExecutionListeners: [org.springframework.test.context.web.ServletTestExecutionListener@65987993, org.springframework.test.context.support.DependencyInjectionTestExecutionListener@71075444, org.springframework.test.context.support.DirtiesContextTestExecutionListener@4f32a3ad, org.springframework.test.context.transaction.TransactionalTestExecutionListener@6b695b06, org.springframework.test.context.jdbc.SqlScriptsTestExecutionListener@4d1bf319]
22:32:17.013 [main] DEBUG o.s.core.env.StandardEnvironment - Adding [systemProperties] PropertySource with lowest search precedence
22:32:17.013 [main] DEBUG o.s.core.env.StandardEnvironment - Adding [systemEnvironment] PropertySource with lowest search precedence
22:32:17.013 [main] DEBUG o.s.core.env.StandardEnvironment - Initialized StandardEnvironment with PropertySources [systemProperties,systemEnvironment]
22:32:17.013 [main] DEBUG o.s.core.env.StandardEnvironment - Adding [integrationTest] PropertySource with search precedence immediately lower than [systemEnvironment]

  .   ____          _            __ _ _
 /\\ / ___'_ __ _ _(_)_ __  __ _ \ \ \ \
( ( )\___ | '_ | '_| | '_ \/ _` | \ \ \ \
 \\/  ___)| |_)| | | | | || (_| |  ) ) ) )
  '  |____| .__|_| |_|_| |_\__, | / / / /
 =========|_|==============|___/=/_/_/_/
 :: Spring Boot ::        (v1.2.6.RELEASE)

2016-12-24 22:32:18.250  INFO 6084 --- [           main] c.s.demo.restapi.SecuritySteps           : Starting SecuritySteps on SHYAM-HP with PID 6084 (C:\Z-Drive\study\git\myServiceJava\target\test-classes started by SHYAM in C:\Z-Drive\study\git\myServiceJava)
2016-12-24 22:32:18.440  INFO 6084 --- [           main] ationConfigEmbeddedWebApplicationContext : Refreshing org.springframework.boot.context.embedded.AnnotationConfigEmbeddedWebApplicationContext@386f0da3: startup date [Sat Dec 24 22:32:18 IST 2016]; root of context hierarchy
2016-12-24 22:32:20.199  INFO 6084 --- [           main] o.s.b.f.s.DefaultListableBeanFactory     : Overriding bean definition for bean 'beanNameViewResolver': replacing [Root bean: class [null]; scope=; abstract=false; lazyInit=false; autowireMode=3; dependencyCheck=0; autowireCandidate=true; primary=false; factoryBeanName=org.springframework.boot.autoconfigure.web.ErrorMvcAutoConfiguration$WhitelabelErrorViewConfiguration; factoryMethodName=beanNameViewResolver; initMethodName=null; destroyMethodName=(inferred); defined in class path resource [org/springframework/boot/autoconfigure/web/ErrorMvcAutoConfiguration$WhitelabelErrorViewConfiguration.class]] with [Root bean: class [null]; scope=; abstract=false; lazyInit=false; autowireMode=3; dependencyCheck=0; autowireCandidate=true; primary=false; factoryBeanName=org.springframework.boot.autoconfigure.web.WebMvcAutoConfiguration$WebMvcAutoConfigurationAdapter; factoryMethodName=beanNameViewResolver; initMethodName=null; destroyMethodName=(inferred); defined in class path resource [org/springframework/boot/autoconfigure/web/WebMvcAutoConfiguration$WebMvcAutoConfigurationAdapter.class]]
2016-12-24 22:32:22.928  INFO 6084 --- [           main] s.b.c.e.t.TomcatEmbeddedServletContainer : Tomcat initialized with port(s): 5555 (http)
2016-12-24 22:32:24.194  INFO 6084 --- [           main] o.apache.catalina.core.StandardService   : Starting service Tomcat
2016-12-24 22:32:24.197  INFO 6084 --- [           main] org.apache.catalina.core.StandardEngine  : Starting Servlet Engine: Apache Tomcat/8.0.26
2016-12-24 22:32:24.486  INFO 6084 --- [ost-startStop-1] o.a.c.c.C.[Tomcat].[localhost].[/]       : Initializing Spring embedded WebApplicationContext
2016-12-24 22:32:24.486  INFO 6084 --- [ost-startStop-1] o.s.web.context.ContextLoader            : Root WebApplicationContext: initialization completed in 6056 ms
2016-12-24 22:32:28.186  INFO 6084 --- [ost-startStop-1] o.s.s.web.DefaultSecurityFilterChain     : Creating filter chain: org.springframework.security.web.util.matcher.AnyRequestMatcher@1, [org.springframework.security.web.context.request.async.WebAsyncManagerIntegrationFilter@444a3313, org.springframework.security.web.context.SecurityContextPersistenceFilter@9ea3fe8, org.springframework.security.web.header.HeaderWriterFilter@5243b147, org.springframework.security.web.authentication.logout.LogoutFilter@bba50b0, org.springframework.security.web.authentication.www.BasicAuthenticationFilter@39ed331, org.springframework.security.web.savedrequest.RequestCacheAwareFilter@322dfebb, org.springframework.security.web.servletapi.SecurityContextHolderAwareRequestFilter@7d3d2738, org.springframework.security.web.authentication.AnonymousAuthenticationFilter@50758426, org.springframework.security.web.session.SessionManagementFilter@706b51c3, org.springframework.security.web.access.ExceptionTranslationFilter@2c818a98, org.springframework.security.web.access.intercept.FilterSecurityInterceptor@e5cdab1]
2016-12-24 22:32:28.306  INFO 6084 --- [ost-startStop-1] o.s.b.c.e.ServletRegistrationBean        : Mapping servlet: 'dispatcherServlet' to [/]
2016-12-24 22:32:28.316  INFO 6084 --- [ost-startStop-1] o.s.b.c.embedded.FilterRegistrationBean  : Mapping filter: 'characterEncodingFilter' to: [/*]
2016-12-24 22:32:28.316  INFO 6084 --- [ost-startStop-1] o.s.b.c.embedded.FilterRegistrationBean  : Mapping filter: 'hiddenHttpMethodFilter' to: [/*]
2016-12-24 22:32:28.316  INFO 6084 --- [ost-startStop-1] o.s.b.c.embedded.FilterRegistrationBean  : Mapping filter: 'springSecurityFilterChain' to: [/*]
2016-12-24 22:32:29.529  INFO 6084 --- [           main] s.w.s.m.m.a.RequestMappingHandlerMapping : Mapped "{[/users],methods=[POST],consumes=[application/json]}" onto public org.springframework.http.ResponseEntity<com.shyammalani.demo.restapi.model.User> com.shyammalani.demo.restapi.resource.UserController.createUser(com.shyammalani.demo.restapi.model.User)
2016-12-24 22:32:29.529  INFO 6084 --- [           main] s.w.s.m.m.a.RequestMappingHandlerMapping : Mapped "{[/users/{email:.+}],methods=[GET]}" onto public org.springframework.http.ResponseEntity<com.shyammalani.demo.restapi.model.User> com.shyammalani.demo.restapi.resource.UserController.getUser(java.lang.String)
2016-12-24 22:32:29.529  INFO 6084 --- [           main] s.w.s.m.m.a.RequestMappingHandlerMapping : Mapped "{[/users/{email:.+}],methods=[DELETE]}" onto public org.springframework.http.ResponseEntity<com.shyammalani.demo.restapi.model.User> com.shyammalani.demo.restapi.resource.UserController.deleteUser(java.lang.String)
2016-12-24 22:32:29.529  INFO 6084 --- [           main] s.w.s.m.m.a.RequestMappingHandlerMapping : Mapped "{[/users/{email:.+}],methods=[PUT]}" onto public org.springframework.http.ResponseEntity<com.shyammalani.demo.restapi.model.User> com.shyammalani.demo.restapi.resource.UserController.updateUser(java.lang.String,com.shyammalani.demo.restapi.model.User)
2016-12-24 22:32:29.539  INFO 6084 --- [           main] s.w.s.m.m.a.RequestMappingHandlerMapping : Mapped "{[/api-docs],methods=[GET]}" onto public org.springframework.http.ResponseEntity<com.mangofactory.swagger.models.dto.ResourceListing> com.mangofactory.swagger.controllers.DefaultSwaggerController.getResourceListing(java.lang.String)
2016-12-24 22:32:29.539  INFO 6084 --- [           main] s.w.s.m.m.a.RequestMappingHandlerMapping : Mapped "{[/api-docs/{swaggerGroup}/{apiDeclaration}],methods=[GET]}" onto public org.springframework.http.ResponseEntity<com.mangofactory.swagger.models.dto.ApiListing> com.mangofactory.swagger.controllers.DefaultSwaggerController.getApiListing(java.lang.String,java.lang.String)
2016-12-24 22:32:29.549  INFO 6084 --- [           main] s.w.s.m.m.a.RequestMappingHandlerMapping : Mapped "{[/error]}" onto public org.springframework.http.ResponseEntity<java.util.Map<java.lang.String, java.lang.Object>> org.springframework.boot.autoconfigure.web.BasicErrorController.error(javax.servlet.http.HttpServletRequest)
2016-12-24 22:32:29.549  INFO 6084 --- [           main] s.w.s.m.m.a.RequestMappingHandlerMapping : Mapped "{[/error],produces=[text/html]}" onto public org.springframework.web.servlet.ModelAndView org.springframework.boot.autoconfigure.web.BasicErrorController.errorHtml(javax.servlet.http.HttpServletRequest)
2016-12-24 22:32:30.829  INFO 6084 --- [           main] s.w.s.m.m.a.RequestMappingHandlerAdapter : Looking for @ControllerAdvice: org.springframework.boot.context.embedded.AnnotationConfigEmbeddedWebApplicationContext@386f0da3: startup date [Sat Dec 24 22:32:18 IST 2016]; root of context hierarchy
2016-12-24 22:32:31.039  INFO 6084 --- [           main] o.s.w.s.c.a.WebMvcConfigurerAdapter      : Adding welcome page: jar:file:/C:/Users/SHYAM/.m2/repository/org/ajar/swagger-spring-mvc-ui/0.1/swagger-spring-mvc-ui-0.1.jar!/META-INF/resources/index.html
2016-12-24 22:32:31.049  INFO 6084 --- [           main] o.s.w.s.handler.SimpleUrlHandlerMapping  : Root mapping to handler of type [class org.springframework.web.servlet.mvc.ParameterizableViewController]
2016-12-24 22:32:31.079  INFO 6084 --- [           main] o.s.w.s.handler.SimpleUrlHandlerMapping  : Mapped URL path [/webjars/**] onto handler of type [class org.springframework.web.servlet.resource.ResourceHttpRequestHandler]
2016-12-24 22:32:31.079  INFO 6084 --- [           main] o.s.w.s.handler.SimpleUrlHandlerMapping  : Mapped URL path [/**] onto handler of type [class org.springframework.web.servlet.resource.ResourceHttpRequestHandler]
2016-12-24 22:32:31.169  INFO 6084 --- [           main] o.s.w.s.handler.SimpleUrlHandlerMapping  : Mapped URL path [/**/favicon.ico] onto handler of type [class org.springframework.web.servlet.resource.ResourceHttpRequestHandler]
2016-12-24 22:32:31.289  INFO 6084 --- [           main] c.m.swagger.plugin.SwaggerPluginAdapter  : Context refreshed
2016-12-24 22:32:31.289  INFO 6084 --- [           main] c.m.swagger.plugin.SwaggerPluginAdapter  : Found custom SwaggerSpringMvcPlugins
2016-12-24 22:32:31.289  INFO 6084 --- [           main] c.m.swagger.plugin.SwaggerPluginAdapter  : initializing plugin bean customImplementation
2016-12-24 22:32:31.309  INFO 6084 --- [           main] c.m.s.s.ApiListingReferenceScanner       : Scanning for api listing references
2016-12-24 22:32:31.309  INFO 6084 --- [           main] s.c.ClassOrApiAnnotationResourceGrouping : Group for method createUser was users
2016-12-24 22:32:31.321  INFO 6084 --- [           main] c.m.s.s.ApiListingReferenceScanner       : Request mapping: createUser belongs to groups: [[ResourceGroup{groupName='users', position=0}]] 
2016-12-24 22:32:31.321  INFO 6084 --- [           main] c.m.s.s.ApiListingReferenceScanner       : Adding resource to group:ResourceGroup{groupName='users', position=0} with description:Endpoint for user management for handler method:createUser
2016-12-24 22:32:31.321  INFO 6084 --- [           main] s.c.ClassOrApiAnnotationResourceGrouping : Group for method getUser was users
2016-12-24 22:32:31.324  INFO 6084 --- [           main] c.m.s.s.ApiListingReferenceScanner       : Request mapping: getUser belongs to groups: [[ResourceGroup{groupName='users', position=0}]] 
2016-12-24 22:32:31.324  INFO 6084 --- [           main] c.m.s.s.ApiListingReferenceScanner       : Adding resource to group:ResourceGroup{groupName='users', position=0} with description:Endpoint for user management for handler method:getUser
2016-12-24 22:32:31.324  INFO 6084 --- [           main] s.c.ClassOrApiAnnotationResourceGrouping : Group for method deleteUser was users
2016-12-24 22:32:31.326  INFO 6084 --- [           main] c.m.s.s.ApiListingReferenceScanner       : Request mapping: deleteUser belongs to groups: [[ResourceGroup{groupName='users', position=0}]] 
2016-12-24 22:32:31.326  INFO 6084 --- [           main] c.m.s.s.ApiListingReferenceScanner       : Adding resource to group:ResourceGroup{groupName='users', position=0} with description:Endpoint for user management for handler method:deleteUser
2016-12-24 22:32:31.326  INFO 6084 --- [           main] s.c.ClassOrApiAnnotationResourceGrouping : Group for method updateUser was users
2016-12-24 22:32:31.326  INFO 6084 --- [           main] c.m.s.s.ApiListingReferenceScanner       : Request mapping: updateUser belongs to groups: [[ResourceGroup{groupName='users', position=0}]] 
2016-12-24 22:32:31.329  INFO 6084 --- [           main] c.m.s.s.ApiListingReferenceScanner       : Adding resource to group:ResourceGroup{groupName='users', position=0} with description:Endpoint for user management for handler method:updateUser
2016-12-24 22:32:31.329  INFO 6084 --- [           main] c.m.s.core.RequestMappingEvaluator       : RequestMappingInfo did not match any include patterns: | {[/api-docs],methods=[GET]}
2016-12-24 22:32:31.329  INFO 6084 --- [           main] c.m.s.core.RequestMappingEvaluator       : RequestMappingInfo did not match any include patterns: | {[/api-docs/{swaggerGroup}/{apiDeclaration}],methods=[GET]}
2016-12-24 22:32:31.329  INFO 6084 --- [           main] c.m.s.core.RequestMappingEvaluator       : RequestMappingInfo did not match any include patterns: | {[/error]}
2016-12-24 22:32:31.329  INFO 6084 --- [           main] c.m.s.core.RequestMappingEvaluator       : RequestMappingInfo did not match any include patterns: | {[/error],produces=[text/html]}
2016-12-24 22:32:31.339  INFO 6084 --- [           main] c.m.s.s.ApiListingReferenceScanner       : Created resource listing Path: /default/users Description: users Position: 0
2016-12-24 22:32:31.703  INFO 6084 --- [           main] c.m.s.core.SwaggerApiResourceListing     : Added a resource listing with (1) api resources: 
2016-12-24 22:32:31.703  INFO 6084 --- [           main] c.m.s.core.SwaggerApiResourceListing     :   Endpoint for user management at location: /api-docs/default/users
2016-12-24 22:32:32.245  INFO 6084 --- [           main] s.b.c.e.t.TomcatEmbeddedServletContainer : Tomcat started on port(s): 5555 (http)
2016-12-24 22:32:32.255  INFO 6084 --- [           main] c.s.demo.restapi.SecuritySteps           : Started SecuritySteps in 15.222 seconds (JVM running for 18.042)
]]></system-out>
  </testcase>
  <testcase name="When I create a user" classname="Scenario: Customer cannot create user" time="0">
    <skipped/>
  </testcase>
  <testcase name="Then I get a FORBIDDEN response" classname="Scenario: Customer cannot create user" time="0">
    <skipped/>
  </testcase>
  <testcase name="Scenario: Customer cannot create user" classname="Scenario: Customer cannot create user" time="16.512"/>
  <testcase name="Given I am a MANAGER" classname="Scenario: Manager can create user" time="0">
    <skipped/>
    <system-out><![CDATA[2016-12-24 22:32:32.285  INFO 6084 --- [           main] WebAppIntegrationTestContextBootstrapper : Loaded default TestExecutionListener class names from location [META-INF/spring.factories]: [org.springframework.test.context.web.ServletTestExecutionListener, org.springframework.test.context.support.DependencyInjectionTestExecutionListener, org.springframework.test.context.support.DirtiesContextTestExecutionListener, org.springframework.test.context.transaction.TransactionalTestExecutionListener, org.springframework.test.context.jdbc.SqlScriptsTestExecutionListener]
2016-12-24 22:32:32.285  INFO 6084 --- [           main] WebAppIntegrationTestContextBootstrapper : Using TestExecutionListeners: [org.springframework.test.context.web.ServletTestExecutionListener@4cbc2e3b, org.springframework.test.context.support.DependencyInjectionTestExecutionListener@2975a9e, org.springframework.test.context.support.DirtiesContextTestExecutionListener@765ffb14, org.springframework.test.context.transaction.TransactionalTestExecutionListener@57562473, org.springframework.test.context.jdbc.SqlScriptsTestExecutionListener@7a360554]
2016-12-24 22:32:32.285  INFO 6084 --- [           main] o.s.b.f.s.DefaultListableBeanFactory     : Replacing scope 'cucumber-glue' from [cucumber.runtime.java.spring.GlueCodeScope@424de326] to [cucumber.runtime.java.spring.GlueCodeScope@4bc33720]
]]></system-out>
  </testcase>
  <testcase name="When I create a user" classname="Scenario: Manager can create user" time="0">
    <skipped/>
  </testcase>
  <testcase name="Then I get a CREATED response" classname="Scenario: Manager can create user" time="0">
    <skipped/>
  </testcase>
  <testcase name="Scenario: Manager can create user" classname="Scenario: Manager can create user" time="0.01"/>
  <testcase name="Given I am a AGENT" classname="| AGENT | FORBIDDEN |" time="0">
    <skipped/>
    <system-out><![CDATA[2016-12-24 22:32:32.295  INFO 6084 --- [           main] WebAppIntegrationTestContextBootstrapper : Loaded default TestExecutionListener class names from location [META-INF/spring.factories]: [org.springframework.test.context.web.ServletTestExecutionListener, org.springframework.test.context.support.DependencyInjectionTestExecutionListener, org.springframework.test.context.support.DirtiesContextTestExecutionListener, org.springframework.test.context.transaction.TransactionalTestExecutionListener, org.springframework.test.context.jdbc.SqlScriptsTestExecutionListener]
2016-12-24 22:32:32.295  INFO 6084 --- [           main] WebAppIntegrationTestContextBootstrapper : Using TestExecutionListeners: [org.springframework.test.context.web.ServletTestExecutionListener@136965e3, org.springframework.test.context.support.DependencyInjectionTestExecutionListener@53c6f96d, org.springframework.test.context.support.DirtiesContextTestExecutionListener@435cc7f9, org.springframework.test.context.transaction.TransactionalTestExecutionListener@4364712f, org.springframework.test.context.jdbc.SqlScriptsTestExecutionListener@1b7a52dd]
2016-12-24 22:32:32.295  INFO 6084 --- [           main] o.s.b.f.s.DefaultListableBeanFactory     : Replacing scope 'cucumber-glue' from [cucumber.runtime.java.spring.GlueCodeScope@4bc33720] to [cucumber.runtime.java.spring.GlueCodeScope@7f93dd4e]
]]></system-out>
  </testcase>
  <testcase name="When I create a user" classname="| AGENT | FORBIDDEN |" time="0">
    <skipped/>
  </testcase>
  <testcase name="Then I get a FORBIDDEN response" classname="| AGENT | FORBIDDEN |" time="0">
    <skipped/>
  </testcase>
  <testcase name="| AGENT | FORBIDDEN |" classname="| AGENT | FORBIDDEN |" time="0.03"/>
  <testcase name="Given I am a MANAGER" classname="| MANAGER | CREATED |" time="0">
    <skipped/>
    <system-out><![CDATA[2016-12-24 22:32:32.315  INFO 6084 --- [           main] WebAppIntegrationTestContextBootstrapper : Loaded default TestExecutionListener class names from location [META-INF/spring.factories]: [org.springframework.test.context.web.ServletTestExecutionListener, org.springframework.test.context.support.DependencyInjectionTestExecutionListener, org.springframework.test.context.support.DirtiesContextTestExecutionListener, org.springframework.test.context.transaction.TransactionalTestExecutionListener, org.springframework.test.context.jdbc.SqlScriptsTestExecutionListener]
2016-12-24 22:32:32.315  INFO 6084 --- [           main] WebAppIntegrationTestContextBootstrapper : Using TestExecutionListeners: [org.springframework.test.context.web.ServletTestExecutionListener@4f5b08d, org.springframework.test.context.support.DependencyInjectionTestExecutionListener@529c2a9a, org.springframework.test.context.support.DirtiesContextTestExecutionListener@3c87fdf2, org.springframework.test.context.transaction.TransactionalTestExecutionListener@26bbe604, org.springframework.test.context.jdbc.SqlScriptsTestExecutionListener@fe34b86]
2016-12-24 22:32:32.315  INFO 6084 --- [           main] o.s.b.f.s.DefaultListableBeanFactory     : Replacing scope 'cucumber-glue' from [cucumber.runtime.java.spring.GlueCodeScope@7f93dd4e] to [cucumber.runtime.java.spring.GlueCodeScope@3c98781a]
]]></system-out>
  </testcase>
  <testcase name="When I create a user" classname="| MANAGER | CREATED |" time="0">
    <skipped/>
  </testcase>
  <testcase name="Then I get a CREATED response" classname="| MANAGER | CREATED |" time="0">
    <skipped/>
  </testcase>
  <testcase name="| MANAGER | CREATED |" classname="| MANAGER | CREATED |" time="0"/>
  <testcase name="When I create a user" classname="Scenario: Create user" time="0">
    <skipped/>
    <system-out><![CDATA[2016-12-24 22:32:32.335  INFO 6084 --- [           main] WebAppIntegrationTestContextBootstrapper : Loaded default TestExecutionListener class names from location [META-INF/spring.factories]: [org.springframework.test.context.web.ServletTestExecutionListener, org.springframework.test.context.support.DependencyInjectionTestExecutionListener, org.springframework.test.context.support.DirtiesContextTestExecutionListener, org.springframework.test.context.transaction.TransactionalTestExecutionListener, org.springframework.test.context.jdbc.SqlScriptsTestExecutionListener]
2016-12-24 22:32:32.335  INFO 6084 --- [           main] WebAppIntegrationTestContextBootstrapper : Using TestExecutionListeners: [org.springframework.test.context.web.ServletTestExecutionListener@71c17a57, org.springframework.test.context.support.DependencyInjectionTestExecutionListener@640ab13c, org.springframework.test.context.support.DirtiesContextTestExecutionListener@1e0a864d, org.springframework.test.context.transaction.TransactionalTestExecutionListener@440e3ce6, org.springframework.test.context.jdbc.SqlScriptsTestExecutionListener@3e67f5f2]
2016-12-24 22:32:32.335  INFO 6084 --- [           main] o.s.b.f.s.DefaultListableBeanFactory     : Replacing scope 'cucumber-glue' from [cucumber.runtime.java.spring.GlueCodeScope@3c98781a] to [cucumber.runtime.java.spring.GlueCodeScope@fd53053]
]]></system-out>
  </testcase>
  <testcase name="Then I get a CREATED response" classname="Scenario: Create user" time="0">
    <skipped/>
  </testcase>
  <testcase name="Scenario: Create user" classname="Scenario: Create user" time="0.01"/>
  <testcase name="Given there exists a user" classname="Scenario: Delete user" time="0">
    <skipped/>
    <system-out><![CDATA[2016-12-24 22:32:32.355  INFO 6084 --- [           main] WebAppIntegrationTestContextBootstrapper : Loaded default TestExecutionListener class names from location [META-INF/spring.factories]: [org.springframework.test.context.web.ServletTestExecutionListener, org.springframework.test.context.support.DependencyInjectionTestExecutionListener, org.springframework.test.context.support.DirtiesContextTestExecutionListener, org.springframework.test.context.transaction.TransactionalTestExecutionListener, org.springframework.test.context.jdbc.SqlScriptsTestExecutionListener]
2016-12-24 22:32:32.355  INFO 6084 --- [           main] WebAppIntegrationTestContextBootstrapper : Using TestExecutionListeners: [org.springframework.test.context.web.ServletTestExecutionListener@432f521f, org.springframework.test.context.support.DependencyInjectionTestExecutionListener@2d7a9786, org.springframework.test.context.support.DirtiesContextTestExecutionListener@7bab5898, org.springframework.test.context.transaction.TransactionalTestExecutionListener@366d8b97, org.springframework.test.context.jdbc.SqlScriptsTestExecutionListener@feb98ef]
2016-12-24 22:32:32.355  INFO 6084 --- [           main] o.s.b.f.s.DefaultListableBeanFactory     : Replacing scope 'cucumber-glue' from [cucumber.runtime.java.spring.GlueCodeScope@fd53053] to [cucumber.runtime.java.spring.GlueCodeScope@7654f833]
]]></system-out>
  </testcase>
  <testcase name="When I delete the user" classname="Scenario: Delete user" time="0">
    <skipped/>
  </testcase>
  <testcase name="Then I get a OK response" classname="Scenario: Delete user" time="0">
    <skipped/>
  </testcase>
  <testcase name="Scenario: Delete user" classname="Scenario: Delete user" time="0.08"/>
  <testcase name="Given there exists a user" classname="Scenario: Update user" time="0">
    <skipped/>
    <system-out><![CDATA[2016-12-24 22:32:32.390  INFO 6084 --- [           main] WebAppIntegrationTestContextBootstrapper : Loaded default TestExecutionListener class names from location [META-INF/spring.factories]: [org.springframework.test.context.web.ServletTestExecutionListener, org.springframework.test.context.support.DependencyInjectionTestExecutionListener, org.springframework.test.context.support.DirtiesContextTestExecutionListener, org.springframework.test.context.transaction.TransactionalTestExecutionListener, org.springframework.test.context.jdbc.SqlScriptsTestExecutionListener]
2016-12-24 22:32:32.391  INFO 6084 --- [           main] WebAppIntegrationTestContextBootstrapper : Using TestExecutionListeners: [org.springframework.test.context.web.ServletTestExecutionListener@65f651eb, org.springframework.test.context.support.DependencyInjectionTestExecutionListener@69923ac3, org.springframework.test.context.support.DirtiesContextTestExecutionListener@1f1ff879, org.springframework.test.context.transaction.TransactionalTestExecutionListener@73d60e76, org.springframework.test.context.jdbc.SqlScriptsTestExecutionListener@24f870ee]
2016-12-24 22:32:32.391  INFO 6084 --- [           main] o.s.b.f.s.DefaultListableBeanFactory     : Replacing scope 'cucumber-glue' from [cucumber.runtime.java.spring.GlueCodeScope@7654f833] to [cucumber.runtime.java.spring.GlueCodeScope@5c441290]
]]></system-out>
  </testcase>
  <testcase name="When I update the users&apos;s address" classname="Scenario: Update user" time="0">
    <skipped/>
  </testcase>
  <testcase name="Then I get a OK response" classname="Scenario: Update user" time="0">
    <skipped/>
  </testcase>
  <testcase name="Scenario: Update user" classname="Scenario: Update user" time="0.004"/>
  <testcase name="Given there exists a user" classname="Scenario: Update non existing user" time="0">
    <skipped/>
    <system-out><![CDATA[2016-12-24 22:32:32.401  INFO 6084 --- [           main] WebAppIntegrationTestContextBootstrapper : Loaded default TestExecutionListener class names from location [META-INF/spring.factories]: [org.springframework.test.context.web.ServletTestExecutionListener, org.springframework.test.context.support.DependencyInjectionTestExecutionListener, org.springframework.test.context.support.DirtiesContextTestExecutionListener, org.springframework.test.context.transaction.TransactionalTestExecutionListener, org.springframework.test.context.jdbc.SqlScriptsTestExecutionListener]
2016-12-24 22:32:32.401  INFO 6084 --- [           main] WebAppIntegrationTestContextBootstrapper : Using TestExecutionListeners: [org.springframework.test.context.web.ServletTestExecutionListener@44065156, org.springframework.test.context.support.DependencyInjectionTestExecutionListener@3791f50e, org.springframework.test.context.support.DirtiesContextTestExecutionListener@574b7f4a, org.springframework.test.context.transaction.TransactionalTestExecutionListener@44ed0a8f, org.springframework.test.context.jdbc.SqlScriptsTestExecutionListener@32177fa5]
2016-12-24 22:32:32.402  INFO 6084 --- [           main] o.s.b.f.s.DefaultListableBeanFactory     : Replacing scope 'cucumber-glue' from [cucumber.runtime.java.spring.GlueCodeScope@5c441290] to [cucumber.runtime.java.spring.GlueCodeScope@a96d56c]
]]></system-out>
  </testcase>
  <testcase name="When I update the address of a non-existent user" classname="Scenario: Update non existing user" time="0">
    <skipped/>
  </testcase>
  <testcase name="Then I get a NOT_FOUND response" classname="Scenario: Update non existing user" time="0">
    <skipped/>
  </testcase>
  <testcase name="Scenario: Update non existing user" classname="Scenario: Update non existing user" time="0.003"/>
</testsuite>